0 info it worked if it ends with ok
1 verbose cli [ 'C:\\Program Files\\nodejs\\node.exe',
1 verbose cli   'C:\\Reshu Garg\\webp\\webPackDemo\\node_modules\\npm\\bin\\npm-cli.js',
1 verbose cli   'run',
1 verbose cli   'server' ]
2 info using npm@3.10.10
3 info using node@v8.9.3
4 warn invalid config loglevel="notice"
5 verbose run-script [ 'preserver', 'server', 'postserver' ]
6 info lifecycle angular-webpack-workflow@1.1.0~preserver: angular-webpack-workflow@1.1.0
7 silly lifecycle angular-webpack-workflow@1.1.0~preserver: no script for preserver, continuing
8 info lifecycle angular-webpack-workflow@1.1.0~server: angular-webpack-workflow@1.1.0
9 verbose lifecycle angular-webpack-workflow@1.1.0~server: unsafe-perm in lifecycle true
10 verbose lifecycle angular-webpack-workflow@1.1.0~server: PATH: C:\Reshu Garg\webp\webPackDemo\node_modules\npm\bin\node-gyp-bin;C:\Reshu Garg\webp\webPackDemo\node_modules\.bin;C:\Program Files\nodejs\node_modules\npm\bin\node-gyp-bin;C:\Reshu Garg\webp\webPackDemo\node_modules\.bin;C:\Program Files\Docker\Docker\Resources\bin;C:\WINDOWS\system32;C:\WINDOWS;C:\WINDOWS\System32\Wbem;C:\WINDOWS\System32\WindowsPowerShell\v1.0\;C:\Program Files\Microsoft SQL Server\120\Tools\Binn\;C:\Program Files\Microsoft SQL Server\130\Tools\Binn\;C:\Program Files\Microsoft SQL Server\Client SDK\ODBC\110\Tools\Binn\;C:\Program Files (x86)\Microsoft SQL Server\120\Tools\Binn\ManagementStudio\;C:\Program Files (x86)\Microsoft SQL Server\120\Tools\Binn\;C:\Program Files (x86)\Microsoft SQL Server\120\DTS\Binn\;C:\Program Files\Microsoft SQL Server\120\DTS\Binn\;C:\Program Files\TortoiseSVN\bin;C:\Program Files (x86)\Windows Live\Shared;C:\Program Files (x86)\Skype\Phone\;C:\WINDOWS\system32\config\systemprofile\.dnx\bin;C:\Program Files\Microsoft DNX\Dnvm\;C:\Program Files\dotnet\;C:\Program Files\nodejs\;C:\ProgramData\chocolatey\bin;C:\Program Files\Git\cmd;;C:\Program Files\Microsoft VS Code\bin;C:\Users\sit95\AppData\Roaming\npm;%USERPROFILE%\AppData\Local\Microsoft\WindowsApps;C:\Program Files\Docker Toolbox
11 verbose lifecycle angular-webpack-workflow@1.1.0~server: CWD: C:\Reshu Garg\webp\webPackDemo
12 silly lifecycle angular-webpack-workflow@1.1.0~server: Args: [ '/d /s /c',
12 silly lifecycle   'webpack-dev-server --history-api-fallback --inline --progress' ]
13 silly lifecycle angular-webpack-workflow@1.1.0~server: Returned: code: 1  signal: null
14 info lifecycle angular-webpack-workflow@1.1.0~server: Failed to exec server script
15 verbose stack Error: angular-webpack-workflow@1.1.0 server: `webpack-dev-server --history-api-fallback --inline --progress`
15 verbose stack Exit status 1
15 verbose stack     at EventEmitter.<anonymous> (C:\Reshu Garg\webp\webPackDemo\node_modules\npm\lib\utils\lifecycle.js:255:16)
15 verbose stack     at emitTwo (events.js:126:13)
15 verbose stack     at EventEmitter.emit (events.js:214:7)
15 verbose stack     at ChildProcess.<anonymous> (C:\Reshu Garg\webp\webPackDemo\node_modules\npm\lib\utils\spawn.js:40:14)
15 verbose stack     at emitTwo (events.js:126:13)
15 verbose stack     at ChildProcess.emit (events.js:214:7)
15 verbose stack     at maybeClose (internal/child_process.js:925:16)
15 verbose stack     at Process.ChildProcess._handle.onexit (internal/child_process.js:209:5)
16 verbose pkgid angular-webpack-workflow@1.1.0
17 verbose cwd C:\Reshu Garg\webp\webPackDemo
18 error Windows_NT 10.0.16299
19 error argv "C:\\Program Files\\nodejs\\node.exe" "C:\\Reshu Garg\\webp\\webPackDemo\\node_modules\\npm\\bin\\npm-cli.js" "run" "server"
20 error node v8.9.3
21 error npm  v3.10.10
22 error code ELIFECYCLE
23 error angular-webpack-workflow@1.1.0 server: `webpack-dev-server --history-api-fallback --inline --progress`
23 error Exit status 1
24 error Failed at the angular-webpack-workflow@1.1.0 server script 'webpack-dev-server --history-api-fallback --inline --progress'.
24 error Make sure you have the latest version of node.js and npm installed.
24 error If you do, this is most likely a problem with the angular-webpack-workflow package,
24 error not with npm itself.
24 error Tell the author that this fails on your system:
24 error     webpack-dev-server --history-api-fallback --inline --progress
24 error You can get information on how to open an issue for this project with:
24 error     npm bugs angular-webpack-workflow
24 error Or if that isn't available, you can get their info via:
24 error     npm owner ls angular-webpack-workflow
24 error There is likely additional logging output above.
25 verbose exit [ 1, true ]
